2018-01-14 02:23:16 INFO  JavaRushTasksProjectComponent.projectOpened(68) - ---------- Project JavaRushTasks opened ----------

2018-01-14 02:23:16 INFO  ApacheHttpClient.login(209) - Ожидание ответа сервера.
2018-01-14 02:23:16 INFO  ApacheHttpClient.login(209) - Ожидание ответа сервера.
2018-01-14 02:23:16 INFO  ApacheHttpClient.login(213) - responseCode200
2018-01-14 02:23:16 INFO  ApacheHttpClient.login(244) - JSESSIONID=37CA6DA225DA04AFACC2BC3CFDC79AC3
2018-01-14 02:23:16 INFO  ApacheHttpClient.refreshUserInfo(272) - responseCode = 200
2018-01-14 02:23:16 INFO  ApacheHttpClient.refreshUserInfo(278) - Информация о пользователе получена.
2018-01-14 02:23:16 INFO  ApacheHttpClient.startGA(32) - GAService запущен.
2018-01-14 02:23:16 INFO  AbstractRestApiClient.startService(70) - EventsService запущен.
2018-01-14 02:23:26 INFO  ApacheHttpClient.getWebResourceAsStream(420) - responseCode = 200
2018-01-14 02:23:26 INFO  ApacheHttpClient.login(209) - Ожидание ответа сервера.
2018-01-14 02:23:26 INFO  ApacheHttpClient.login(209) - Ожидание ответа сервера.
2018-01-14 02:23:26 INFO  ApacheHttpClient.login(213) - responseCode200
2018-01-14 02:23:26 INFO  ApacheHttpClient.login(244) - JSESSIONID=37CA6DA225DA04AFACC2BC3CFDC79AC3
2018-01-14 02:23:44 INFO  ApacheHttpClient.getWebResourceAsStream(420) - responseCode = 200
2018-01-14 02:24:00 INFO  ApacheHttpClient.getWebResourceAsStream(420) - responseCode = 200
2018-01-14 02:24:01 INFO  ApacheHttpClient.getFilteredTasks(307) - responseCode = 200
2018-01-14 02:24:11 INFO  ApacheHttpClient.getFilteredTasks(307) - responseCode = 200
2018-01-14 02:24:33 INFO  ApacheHttpClient.getFilteredTasks(307) - responseCode = 200
2018-01-14 02:24:38 INFO  ApacheHttpClient.getFilteredTasks(307) - responseCode = 200
2018-01-14 02:24:45 INFO  ApacheHttpClient.getTaskTemplateInfo(324) - responseCode = 200
2018-01-14 02:24:45 INFO  ApacheHttpClient.testConnection(178) - responseCode = 200
2018-01-14 02:24:45 INFO  ApacheHttpClient.testConnection(185) - result = true
2018-01-14 02:24:46 INFO  ApacheHttpClient.testConnection(178) - responseCode = 200
2018-01-14 02:24:46 INFO  ApacheHttpClient.testConnection(185) - result = true
2018-01-14 02:24:46 INFO  ApacheHttpClient.getWebResourceAsStream(420) - responseCode = 200
2018-01-14 02:24:46 INFO  ApacheHttpClient.testConnection(178) - responseCode = 200
2018-01-14 02:24:46 INFO  ApacheHttpClient.testConnection(185) - result = true
2018-01-14 02:25:16 INFO  ApacheHttpClient.sendEvent(450) - responseCode = 200
2018-01-14 02:26:16 INFO  ApacheHttpClient.sendEvent(450) - responseCode = 200
2018-01-14 02:27:16 INFO  ApacheHttpClient.sendEvent(450) - responseCode = 200
2018-01-14 02:28:16 INFO  ApacheHttpClient.sendEvent(450) - responseCode = 200
2018-01-14 02:28:50 INFO  ApacheHttpClient.testConnection(178) - responseCode = 200
2018-01-14 02:28:50 INFO  ApacheHttpClient.testConnection(185) - result = true
2018-01-14 02:29:04 INFO  ApacheHttpClient.testConnection(178) - responseCode = 200
2018-01-14 02:29:04 INFO  ApacheHttpClient.testConnection(185) - result = true
2018-01-14 02:29:16 INFO  ApacheHttpClient.sendEvent(450) - responseCode = 200
2018-01-14 02:30:02 INFO  ApacheHttpClient.getWebResourceAsStream(420) - responseCode = 200
2018-01-14 02:30:02 ERROR ValidateButton.actionPerformed(80) - Не выбрана задача!
2018-01-14 02:30:06 INFO  ApacheHttpClient.getWebResourceAsStream(420) - responseCode = 200
2018-01-14 02:30:07 INFO  ApacheHttpClient.getTask(405) - responseCode = 200
2018-01-14 02:30:07 INFO  ApacheHttpClient.getWebResourceAsStream(420) - responseCode = 200
2018-01-14 02:30:08 INFO  ApacheHttpClient.completed(27) - responseCode = 200
2018-01-14 02:30:08 INFO  ApacheHttpClient.getTask(405) - responseCode = 200
2018-01-14 02:30:16 INFO  ApacheHttpClient.sendEvent(450) - responseCode = 200
2018-01-14 02:30:51 INFO  ApacheHttpClient.getWebResourceAsStream(420) - responseCode = 200
2018-01-14 02:30:52 INFO  ApacheHttpClient.getFilteredTasks(307) - responseCode = 200
2018-01-14 02:30:56 INFO  ApacheHttpClient.getFilteredTasks(307) - responseCode = 200
2018-01-14 02:30:59 INFO  ApacheHttpClient.getTaskTemplateInfo(324) - responseCode = 200
2018-01-14 02:30:59 INFO  ApacheHttpClient.testConnection(178) - responseCode = 200
2018-01-14 02:30:59 INFO  ApacheHttpClient.testConnection(185) - result = true
2018-01-14 02:30:59 INFO  ApacheHttpClient.testConnection(178) - responseCode = 200
2018-01-14 02:30:59 INFO  ApacheHttpClient.testConnection(185) - result = true
2018-01-14 02:30:59 INFO  ApacheHttpClient.getWebResourceAsStream(420) - responseCode = 200
2018-01-14 02:31:16 INFO  ApacheHttpClient.sendEvent(450) - responseCode = 200
2018-01-14 02:32:16 INFO  ApacheHttpClient.sendEvent(450) - responseCode = 200
2018-01-14 02:33:16 INFO  ApacheHttpClient.sendEvent(450) - responseCode = 200
2018-01-14 02:34:16 INFO  ApacheHttpClient.sendEvent(450) - responseCode = 200
2018-01-14 02:35:16 INFO  ApacheHttpClient.sendEvent(450) - responseCode = 200
2018-01-14 02:36:16 INFO  ApacheHttpClient.sendEvent(450) - responseCode = 200
2018-01-14 02:36:22 INFO  ApacheHttpClient.getWebResourceAsStream(420) - responseCode = 200
2018-01-14 02:36:22 INFO  ApacheHttpClient.getTask(405) - responseCode = 200
2018-01-14 02:36:24 INFO  ApacheHttpClient.completed(27) - responseCode = 200
2018-01-14 02:36:24 INFO  ApacheHttpClient.getTask(405) - responseCode = 200
2018-01-14 02:36:27 INFO  ApacheHttpClient.getWebResourceAsStream(420) - responseCode = 200
2018-01-14 02:37:02 INFO  ApacheHttpClient.getWebResourceAsStream(420) - responseCode = 200
2018-01-14 02:37:02 INFO  ApacheHttpClient.getFilteredTasks(307) - responseCode = 200
2018-01-14 02:37:06 INFO  ApacheHttpClient.getFilteredTasks(307) - responseCode = 200
2018-01-14 02:37:11 INFO  ApacheHttpClient.getTaskTemplateInfo(324) - responseCode = 200
2018-01-14 02:37:12 INFO  ApacheHttpClient.testConnection(178) - responseCode = 200
2018-01-14 02:37:12 INFO  ApacheHttpClient.testConnection(185) - result = true
2018-01-14 02:37:13 INFO  ApacheHttpClient.testConnection(178) - responseCode = 200
2018-01-14 02:37:13 INFO  ApacheHttpClient.testConnection(185) - result = true
2018-01-14 02:37:14 INFO  ApacheHttpClient.getWebResourceAsStream(420) - responseCode = 200
2018-01-14 02:37:16 INFO  ApacheHttpClient.sendEvent(450) - responseCode = 200
2018-01-14 02:38:16 INFO  ApacheHttpClient.sendEvent(450) - responseCode = 200
2018-01-14 02:39:11 INFO  ApacheHttpClient.getWebResourceAsStream(420) - responseCode = 200
2018-01-14 02:39:12 INFO  ApacheHttpClient.getTask(405) - responseCode = 200
2018-01-14 02:39:13 INFO  ApacheHttpClient.completed(27) - responseCode = 200
2018-01-14 02:39:13 INFO  ApacheHttpClient.getWebResourceAsStream(420) - responseCode = 200
2018-01-14 02:39:16 INFO  ApacheHttpClient.sendEvent(450) - responseCode = 200
2018-01-14 02:40:16 INFO  ApacheHttpClient.sendEvent(450) - responseCode = 200
2018-01-14 02:41:16 INFO  ApacheHttpClient.sendEvent(450) - responseCode = 200
2018-01-14 02:42:16 INFO  ApacheHttpClient.sendEvent(450) - responseCode = 200
2018-01-14 02:42:19 INFO  ApacheHttpClient.getWebResourceAsStream(420) - responseCode = 200
2018-01-14 02:42:19 INFO  ApacheHttpClient.getTask(405) - responseCode = 200
2018-01-14 02:42:20 INFO  ApacheHttpClient.getTask(405) - responseCode = 200
2018-01-14 02:42:20 INFO  ApacheHttpClient.getWebResourceAsStream(420) - responseCode = 200
2018-01-14 02:42:21 INFO  ApacheHttpClient.completed(27) - responseCode = 200
2018-01-14 02:42:45 INFO  ApacheHttpClient.getWebResourceAsStream(420) - responseCode = 200
2018-01-14 02:42:45 INFO  ApacheHttpClient.getTask(405) - responseCode = 200
2018-01-14 02:42:46 INFO  ApacheHttpClient.getWebResourceAsStream(420) - responseCode = 200
2018-01-14 02:42:46 INFO  ApacheHttpClient.completed(27) - responseCode = 200
2018-01-14 02:43:16 INFO  ApacheHttpClient.sendEvent(450) - responseCode = 200
2018-01-14 02:43:25 INFO  ApacheHttpClient.getWebResourceAsStream(420) - responseCode = 200
2018-01-14 02:43:25 INFO  ApacheHttpClient.getTask(405) - responseCode = 200
2018-01-14 02:43:27 INFO  ApacheHttpClient.getWebResourceAsStream(420) - responseCode = 200
2018-01-14 02:43:27 INFO  ApacheHttpClient.completed(27) - responseCode = 200
2018-01-14 02:44:16 INFO  ApacheHttpClient.sendEvent(450) - responseCode = 200
2018-01-14 02:45:16 INFO  ApacheHttpClient.sendEvent(450) - responseCode = 200
2018-01-14 02:45:20 INFO  ApacheHttpClient.getWebResourceAsStream(420) - responseCode = 200
2018-01-14 02:45:20 INFO  ApacheHttpClient.getTask(405) - responseCode = 200
2018-01-14 02:45:21 INFO  ApacheHttpClient.getWebResourceAsStream(420) - responseCode = 200
2018-01-14 02:45:22 INFO  ApacheHttpClient.completed(27) - responseCode = 200
2018-01-14 02:45:22 INFO  ApacheHttpClient.getTask(405) - responseCode = 200
2018-01-14 02:46:16 INFO  ApacheHttpClient.sendEvent(450) - responseCode = 200
2018-01-14 02:47:16 INFO  ApacheHttpClient.sendEvent(450) - responseCode = 200
2018-01-14 02:48:16 INFO  ApacheHttpClient.sendEvent(450) - responseCode = 200
2018-01-14 02:49:16 INFO  ApacheHttpClient.sendEvent(450) - responseCode = 200
2018-01-14 02:50:16 INFO  ApacheHttpClient.sendEvent(450) - responseCode = 200
2018-01-14 02:51:16 INFO  ApacheHttpClient.sendEvent(450) - responseCode = 200
2018-01-14 02:52:16 INFO  ApacheHttpClient.sendEvent(450) - responseCode = 200
2018-01-14 02:53:16 INFO  ApacheHttpClient.sendEvent(450) - responseCode = 200
2018-01-14 02:54:16 INFO  ApacheHttpClient.sendEvent(450) - responseCode = 200
2018-01-14 02:55:16 INFO  ApacheHttpClient.sendEvent(450) - responseCode = 200
2018-01-14 02:56:17 INFO  ApacheHttpClient.sendEvent(450) - responseCode = 200
2018-01-14 02:57:16 INFO  ApacheHttpClient.sendEvent(450) - responseCode = 200
2018-01-14 02:58:16 INFO  ApacheHttpClient.sendEvent(450) - responseCode = 200
2018-01-14 02:59:16 INFO  ApacheHttpClient.sendEvent(450) - responseCode = 200
2018-01-14 03:00:16 INFO  ApacheHttpClient.sendEvent(450) - responseCode = 200
2018-01-14 03:01:16 INFO  ApacheHttpClient.sendEvent(450) - responseCode = 200
2018-01-14 03:01:32 INFO  ApacheHttpClient.getWebResourceAsStream(420) - responseCode = 200
2018-01-14 03:01:32 INFO  ApacheHttpClient.getFilteredTasks(307) - responseCode = 200
2018-01-14 03:02:16 INFO  ApacheHttpClient.sendEvent(450) - responseCode = 200
2018-01-14 03:03:16 INFO  ApacheHttpClient.sendEvent(450) - responseCode = 200
2018-01-14 03:04:16 INFO  ApacheHttpClient.sendEvent(450) - responseCode = 200
2018-01-14 03:05:16 INFO  ApacheHttpClient.sendEvent(450) - responseCode = 200
2018-01-14 03:06:16 INFO  ApacheHttpClient.sendEvent(450) - responseCode = 200
2018-01-14 03:07:16 INFO  ApacheHttpClient.sendEvent(450) - responseCode = 200
2018-01-14 03:08:16 INFO  ApacheHttpClient.sendEvent(450) - responseCode = 200
2018-01-14 03:09:16 INFO  ApacheHttpClient.sendEvent(450) - responseCode = 200
2018-01-14 03:10:16 INFO  ApacheHttpClient.sendEvent(450) - responseCode = 200
2018-01-14 03:11:16 INFO  ApacheHttpClient.sendEvent(450) - responseCode = 200
2018-01-14 03:12:16 INFO  ApacheHttpClient.sendEvent(450) - responseCode = 200
2018-01-14 03:13:16 INFO  ApacheHttpClient.sendEvent(450) - responseCode = 200
2018-01-14 03:14:16 INFO  ApacheHttpClient.sendEvent(450) - responseCode = 200
2018-01-14 03:15:16 INFO  ApacheHttpClient.sendEvent(450) - responseCode = 200
2018-01-14 03:16:16 INFO  ApacheHttpClient.sendEvent(450) - responseCode = 200
2018-01-14 03:17:16 INFO  ApacheHttpClient.sendEvent(450) - responseCode = 200
2018-01-14 03:18:16 INFO  ApacheHttpClient.sendEvent(450) - responseCode = 200
2018-01-14 03:19:16 INFO  ApacheHttpClient.sendEvent(450) - responseCode = 200
2018-01-14 03:20:16 INFO  ApacheHttpClient.sendEvent(450) - responseCode = 200
2018-01-14 03:21:16 INFO  ApacheHttpClient.sendEvent(450) - responseCode = 200
2018-01-14 03:22:16 INFO  ApacheHttpClient.sendEvent(450) - responseCode = 200
2018-01-14 03:23:16 INFO  ApacheHttpClient.sendEvent(450) - responseCode = 200
2018-01-14 03:24:16 INFO  ApacheHttpClient.sendEvent(450) - responseCode = 200
2018-01-14 03:25:16 INFO  ApacheHttpClient.sendEvent(450) - responseCode = 200
2018-01-14 03:26:16 INFO  ApacheHttpClient.sendEvent(450) - responseCode = 200
2018-01-14 03:27:16 INFO  ApacheHttpClient.sendEvent(450) - responseCode = 200
2018-01-14 03:28:16 INFO  ApacheHttpClient.sendEvent(450) - responseCode = 200
2018-01-14 03:29:16 INFO  ApacheHttpClient.sendEvent(450) - responseCode = 200
2018-01-14 03:30:16 INFO  ApacheHttpClient.sendEvent(450) - responseCode = 200
2018-01-14 03:31:16 INFO  ApacheHttpClient.sendEvent(450) - responseCode = 200
2018-01-14 03:32:16 INFO  ApacheHttpClient.sendEvent(450) - responseCode = 200
2018-01-14 03:33:16 INFO  ApacheHttpClient.sendEvent(450) - responseCode = 200
2018-01-14 03:34:16 INFO  ApacheHttpClient.sendEvent(450) - responseCode = 200
2018-01-14 03:35:16 INFO  ApacheHttpClient.sendEvent(450) - responseCode = 200
2018-01-14 03:36:16 INFO  ApacheHttpClient.sendEvent(450) - responseCode = 200
2018-01-14 03:37:16 INFO  ApacheHttpClient.sendEvent(450) - responseCode = 200
2018-01-14 03:38:16 INFO  ApacheHttpClient.sendEvent(450) - responseCode = 200
2018-01-14 03:39:16 INFO  ApacheHttpClient.sendEvent(450) - responseCode = 200
2018-01-14 03:40:16 INFO  ApacheHttpClient.sendEvent(450) - responseCode = 200
2018-01-14 03:41:16 INFO  ApacheHttpClient.sendEvent(450) - responseCode = 200
2018-01-14 03:42:16 INFO  ApacheHttpClient.sendEvent(450) - responseCode = 200
2018-01-14 03:43:16 INFO  ApacheHttpClient.sendEvent(450) - responseCode = 200
2018-01-14 03:44:16 INFO  ApacheHttpClient.sendEvent(450) - responseCode = 200
2018-01-14 03:45:16 INFO  ApacheHttpClient.sendEvent(450) - responseCode = 200
2018-01-14 03:46:16 INFO  ApacheHttpClient.sendEvent(450) - responseCode = 200
2018-01-14 03:47:16 INFO  ApacheHttpClient.sendEvent(450) - responseCode = 200
2018-01-14 03:48:16 INFO  ApacheHttpClient.sendEvent(450) - responseCode = 200
2018-01-14 03:49:16 INFO  ApacheHttpClient.sendEvent(450) - responseCode = 200
2018-01-14 03:50:16 INFO  ApacheHttpClient.sendEvent(450) - responseCode = 200
2018-01-14 03:51:16 INFO  ApacheHttpClient.sendEvent(450) - responseCode = 200
2018-01-14 03:52:16 INFO  ApacheHttpClient.sendEvent(450) - responseCode = 200
2018-01-14 03:53:16 INFO  ApacheHttpClient.sendEvent(450) - responseCode = 200
2018-01-14 03:54:16 INFO  ApacheHttpClient.sendEvent(450) - responseCode = 200
2018-01-14 03:55:16 INFO  ApacheHttpClient.sendEvent(450) - responseCode = 200
2018-01-14 03:56:16 INFO  ApacheHttpClient.sendEvent(450) - responseCode = 200
2018-01-14 03:57:16 INFO  ApacheHttpClient.sendEvent(450) - responseCode = 200
2018-01-14 03:58:16 INFO  ApacheHttpClient.sendEvent(450) - responseCode = 200
2018-01-14 03:59:16 INFO  ApacheHttpClient.sendEvent(450) - responseCode = 200
2018-01-14 04:00:16 INFO  ApacheHttpClient.sendEvent(450) - responseCode = 200
2018-01-14 04:01:16 INFO  ApacheHttpClient.sendEvent(450) - responseCode = 200
2018-01-14 04:02:16 INFO  ApacheHttpClient.sendEvent(450) - responseCode = 200
2018-01-14 04:03:16 INFO  ApacheHttpClient.sendEvent(450) - responseCode = 200
2018-01-14 04:04:16 INFO  ApacheHttpClient.sendEvent(450) - responseCode = 200
2018-01-14 04:05:16 INFO  ApacheHttpClient.sendEvent(450) - responseCode = 200
2018-01-14 04:06:16 INFO  ApacheHttpClient.sendEvent(450) - responseCode = 200
2018-01-14 04:07:16 INFO  ApacheHttpClient.sendEvent(450) - responseCode = 200
2018-01-14 04:08:16 INFO  ApacheHttpClient.sendEvent(450) - responseCode = 200
2018-01-14 04:09:16 INFO  ApacheHttpClient.sendEvent(450) - responseCode = 200
2018-01-14 04:10:16 INFO  ApacheHttpClient.sendEvent(450) - responseCode = 200
2018-01-14 04:11:17 INFO  ApacheHttpClient.sendEvent(450) - responseCode = 200
2018-01-14 04:12:16 INFO  ApacheHttpClient.sendEvent(450) - responseCode = 200
2018-01-14 04:13:17 INFO  ApacheHttpClient.sendEvent(450) - responseCode = 200
2018-01-14 04:14:16 INFO  ApacheHttpClient.sendEvent(450) - responseCode = 200
2018-01-14 04:15:16 INFO  ApacheHttpClient.sendEvent(450) - responseCode = 200
2018-01-14 04:45:54 INFO  ApacheHttpClient.sendEvent(450) - responseCode = 200
2018-01-14 04:45:54 INFO  ApacheHttpClient.sendEvent(450) - responseCode = 200
2018-01-14 04:45:54 INFO  ApacheHttpClient.sendEvent(450) - responseCode = 200
2018-01-14 04:45:54 INFO  ApacheHttpClient.sendEvent(450) - responseCode = 200
2018-01-14 04:45:54 INFO  ApacheHttpClient.sendEvent(450) - responseCode = 200
2018-01-14 04:45:54 INFO  ApacheHttpClient.sendEvent(450) - responseCode = 200
2018-01-14 04:45:54 INFO  ApacheHttpClient.sendEvent(450) - responseCode = 200
2018-01-14 04:45:54 INFO  ApacheHttpClient.sendEvent(450) - responseCode = 200
2018-01-14 04:45:54 INFO  ApacheHttpClient.sendEvent(450) - responseCode = 200
2018-01-14 04:45:55 INFO  ApacheHttpClient.sendEvent(450) - responseCode = 200
2018-01-14 04:45:55 INFO  ApacheHttpClient.sendEvent(450) - responseCode = 200
2018-01-14 04:45:55 INFO  ApacheHttpClient.sendEvent(450) - responseCode = 200
2018-01-14 04:45:55 INFO  ApacheHttpClient.sendEvent(450) - responseCode = 200
2018-01-14 04:45:55 INFO  ApacheHttpClient.sendEvent(450) - responseCode = 200
2018-01-14 04:45:55 INFO  ApacheHttpClient.sendEvent(450) - responseCode = 200
2018-01-14 04:45:55 INFO  ApacheHttpClient.sendEvent(450) - responseCode = 200
2018-01-14 04:45:55 INFO  ApacheHttpClient.sendEvent(450) - responseCode = 200
2018-01-14 04:45:55 INFO  ApacheHttpClient.sendEvent(450) - responseCode = 200
2018-01-14 04:45:55 INFO  ApacheHttpClient.sendEvent(450) - responseCode = 200
2018-01-14 04:45:56 INFO  ApacheHttpClient.sendEvent(450) - responseCode = 200
2018-01-14 04:45:56 INFO  ApacheHttpClient.sendEvent(450) - responseCode = 200
2018-01-14 04:45:56 INFO  ApacheHttpClient.sendEvent(450) - responseCode = 200
2018-01-14 04:45:56 INFO  ApacheHttpClient.sendEvent(450) - responseCode = 200
2018-01-14 04:45:56 INFO  ApacheHttpClient.sendEvent(450) - responseCode = 200
2018-01-14 04:45:56 INFO  ApacheHttpClient.sendEvent(450) - responseCode = 200
2018-01-14 04:45:56 INFO  ApacheHttpClient.sendEvent(450) - responseCode = 200
2018-01-14 04:45:56 INFO  ApacheHttpClient.sendEvent(450) - responseCode = 200
2018-01-14 04:45:56 INFO  ApacheHttpClient.sendEvent(450) - responseCode = 200
2018-01-14 04:45:56 INFO  ApacheHttpClient.sendEvent(450) - responseCode = 200
2018-01-14 04:45:57 INFO  ApacheHttpClient.sendEvent(450) - responseCode = 200
2018-01-14 04:46:16 INFO  ApacheHttpClient.sendEvent(450) - responseCode = 200
2018-01-14 04:47:16 INFO  ApacheHttpClient.sendEvent(450) - responseCode = 200
2018-01-14 04:48:16 INFO  ApacheHttpClient.sendEvent(450) - responseCode = 200
2018-01-14 04:49:16 INFO  ApacheHttpClient.sendEvent(450) - responseCode = 200
2018-01-14 04:50:16 INFO  ApacheHttpClient.sendEvent(450) - responseCode = 200
2018-01-14 04:51:16 INFO  ApacheHttpClient.sendEvent(450) - responseCode = 200
2018-01-14 04:52:16 INFO  ApacheHttpClient.sendEvent(450) - responseCode = 200
2018-01-14 04:53:16 INFO  ApacheHttpClient.sendEvent(450) - responseCode = 200
2018-01-14 04:54:16 INFO  ApacheHttpClient.sendEvent(450) - responseCode = 200
2018-01-14 04:55:16 INFO  ApacheHttpClient.sendEvent(450) - responseCode = 200
2018-01-14 04:56:16 INFO  ApacheHttpClient.sendEvent(450) - responseCode = 200
2018-01-14 04:57:16 INFO  ApacheHttpClient.sendEvent(450) - responseCode = 200
2018-01-14 04:58:16 INFO  ApacheHttpClient.sendEvent(450) - responseCode = 200
2018-01-14 04:59:16 INFO  ApacheHttpClient.sendEvent(450) - responseCode = 200
2018-01-14 05:00:16 INFO  ApacheHttpClient.sendEvent(450) - responseCode = 200
2018-01-15 19:46:05 INFO  JavaRushTasksProjectComponent.projectOpened(68) - ---------- Project JavaRushTasks opened ----------

2018-01-15 19:46:05 INFO  ApacheHttpClient.createAsyncHttpClient(125) - Выбрано 1 прокси.
2018-01-15 19:46:05 INFO  ApacheHttpClient.<init>(85) - ApacheHttpClient проинстанциирован успешно.
2018-01-15 19:46:06 INFO  ApacheHttpClient.testConnection(178) - responseCode = 200
2018-01-15 19:46:06 INFO  ApacheHttpClient.testConnection(185) - result = true
2018-01-15 19:46:06 INFO  ApacheHttpClient.login(209) - Ожидание ответа сервера.
2018-01-15 19:46:06 INFO  ApacheHttpClient.login(209) - Ожидание ответа сервера.
2018-01-15 19:46:06 INFO  ApacheHttpClient.login(213) - responseCode200
2018-01-15 19:46:06 INFO  ApacheHttpClient.login(244) - JSESSIONID=E0595430D74FA0A29823BF9BCF6AC62A
2018-01-15 19:46:06 INFO  ApacheHttpClient.refreshUserInfo(272) - responseCode = 200
2018-01-15 19:46:06 INFO  ApacheHttpClient.refreshUserInfo(278) - Информация о пользователе получена.
2018-01-15 19:46:06 INFO  ApacheHttpClient.startGA(32) - GAService запущен.
2018-01-15 19:46:06 INFO  AbstractRestApiClient.startService(70) - EventsService запущен.
2018-01-15 19:46:08 INFO  ApacheHttpClient.testConnection(178) - responseCode = 200
2018-01-15 19:46:08 INFO  ApacheHttpClient.testConnection(185) - result = true
2018-01-15 19:46:08 INFO  ApacheHttpClient.testConnection(178) - responseCode = 200
2018-01-15 19:46:08 INFO  ApacheHttpClient.testConnection(185) - result = true
2018-01-15 19:46:09 INFO  ApacheHttpClient.getWebResourceAsStream(420) - responseCode = 200
2018-01-15 19:46:09 INFO  ApacheHttpClient.testConnection(178) - responseCode = 200
2018-01-15 19:46:09 INFO  ApacheHttpClient.testConnection(185) - result = true
2018-01-15 19:46:09 INFO  ApacheHttpClient.testConnection(178) - responseCode = 200
2018-01-15 19:46:09 INFO  ApacheHttpClient.testConnection(185) - result = true
2018-01-15 19:46:10 INFO  ApacheHttpClient.testConnection(178) - responseCode = 200
2018-01-15 19:46:10 INFO  ApacheHttpClient.testConnection(185) - result = true
2018-01-15 19:46:15 INFO  ApacheHttpClient.getWebResourceAsStream(420) - responseCode = 200
2018-01-15 19:46:15 INFO  ApacheHttpClient.login(209) - Ожидание ответа сервера.
2018-01-15 19:46:15 INFO  ApacheHttpClient.login(209) - Ожидание ответа сервера.
2018-01-15 19:46:15 INFO  ApacheHttpClient.login(213) - responseCode200
2018-01-15 19:46:15 INFO  ApacheHttpClient.login(244) - JSESSIONID=E0595430D74FA0A29823BF9BCF6AC62A
2018-01-15 19:46:15 INFO  ApacheHttpClient.refreshUserInfo(272) - responseCode = 200
2018-01-15 19:46:15 INFO  ApacheHttpClient.refreshUserInfo(278) - Информация о пользователе получена.
2018-01-15 19:46:28 INFO  ApacheHttpClient.testConnection(178) - responseCode = 200
2018-01-15 19:46:28 INFO  ApacheHttpClient.testConnection(185) - result = true
2018-01-15 19:46:35 INFO  ApacheHttpClient.getWebResourceAsStream(420) - responseCode = 200
2018-01-15 19:46:41 INFO  ApacheHttpClient.getWebResourceAsStream(420) - responseCode = 200
2018-01-15 19:46:41 INFO  ApacheHttpClient.login(209) - Ожидание ответа сервера.
2018-01-15 19:46:41 INFO  ApacheHttpClient.login(209) - Ожидание ответа сервера.
2018-01-15 19:46:41 INFO  ApacheHttpClient.login(213) - responseCode200
2018-01-15 19:46:41 INFO  ApacheHttpClient.login(244) - JSESSIONID=E0595430D74FA0A29823BF9BCF6AC62A
2018-01-15 19:47:06 INFO  ApacheHttpClient.sendEvent(450) - responseCode = 200
2018-01-15 19:47:09 INFO  ApacheHttpClient.getWebResourceAsStream(420) - responseCode = 200
2018-01-15 19:47:09 INFO  ApacheHttpClient.login(209) - Ожидание ответа сервера.
2018-01-15 19:47:09 INFO  ApacheHttpClient.login(209) - Ожидание ответа сервера.
2018-01-15 19:47:09 INFO  ApacheHttpClient.login(213) - responseCode200
2018-01-15 19:47:09 INFO  ApacheHttpClient.login(244) - JSESSIONID=E0595430D74FA0A29823BF9BCF6AC62A
2018-01-15 19:47:30 INFO  ApacheHttpClient.getWebResourceAsStream(420) - responseCode = 200
